<?xml version="1.0" encoding="UTF-8"?>
<testng-results ignored="0" total="1" passed="1" failed="0" skipped="0">
  <reporter-output>
  </reporter-output>
  <suite started-at="2025-10-15T23:50:59 IST" name="Default suite" finished-at="2025-10-15T23:51:10 IST" duration-ms="11331">
    <groups>
    </groups>
    <test started-at="2025-10-15T23:50:59 IST" name="Default test" finished-at="2025-10-15T23:51:10 IST" duration-ms="11331">
      <class name="fileupload.FileUploadest">
        <test-method signature="verifyFileUpload()[pri:0, instance:fileupload.FileUploadest@618b19ad]" started-at="2025-10-15T23:50:59 IST" name="verifyFileUpload" finished-at="2025-10-15T23:51:10 IST" duration-ms="11236" status="PASS">
          <reporter-output>
          </reporter-output>
        </test-method> <!-- verifyFileUpload -->
      </class> <!-- fileupload.FileUploadest -->
    </test> <!-- Default test -->
  </suite> <!-- Default suite -->
</testng-results>
