<?xml version="1.0" encoding="UTF-8"?>
<testng-results ignored="0" total="2" passed="2" failed="0" skipped="0">
  <reporter-output>
  </reporter-output>
  <suite started-at="2025-11-06T18:42:06 IST" name="Default suite" finished-at="2025-11-06T18:42:18 IST" duration-ms="12295">
    <groups>
    </groups>
    <test started-at="2025-11-06T18:42:06 IST" name="Default test" finished-at="2025-11-06T18:42:18 IST" duration-ms="12295">
      <class name="basic.Example1">
        <test-method signature="doLogin(java.lang.String,java.lang.String,java.lang.String)[pri:0, instance:basic.Example1@292b08d6]" started-at="2025-11-06T18:42:06 IST" name="doLogin" data-provider="loginDataProvider" finished-at="2025-11-06T18:42:12 IST" duration-ms="6202" status="PASS">
          <params>
            <param index="0">
              <value>
                <![CDATA[mkanani]]>
              </value>
            </param>
            <param index="1">
              <value>
                <![CDATA[mkanani@1234]]>
              </value>
            </param>
            <param index="2">
              <value>
                <![CDATA[Success!]]>
              </value>
            </param>
          </params>
          <reporter-output>
          </reporter-output>
        </test-method> <!-- doLogin -->
        <test-method signature="doLogin(java.lang.String,java.lang.String,java.lang.String)[pri:0, instance:basic.Example1@292b08d6]" started-at="2025-11-06T18:42:12 IST" name="doLogin" data-provider="loginDataProvider" finished-at="2025-11-06T18:42:18 IST" duration-ms="6025" status="PASS">
          <params>
            <param index="0">
              <value>
                <![CDATA[kkanani]]>
              </value>
            </param>
            <param index="1">
              <value>
                <![CDATA[kkanani@1234]]>
              </value>
            </param>
            <param index="2">
              <value>
                <![CDATA[Success!]]>
              </value>
            </param>
          </params>
          <reporter-output>
          </reporter-output>
        </test-method> <!-- doLogin -->
      </class> <!-- basic.Example1 -->
    </test> <!-- Default test -->
  </suite> <!-- Default suite -->
</testng-results>
